[03:04:08] 开始生成剩余图片 (从第22张起)
[03:04:28] [022/120] ✅ 成功: lobster_cat_022.png (1张)
[03:04:52] [023/120] ✅ 成功: lobster_cat_023.png (2张)
[03:05:21] [024/120] ✅ 成功: lobster_cat_024.png (3张)
[03:05:44] [025/120] ✅ 成功: lobster_cat_025.png (4张)
[03:06:09] [026/120] ✅ 成功: lobster_cat_026.png (5张)
[03:06:33] [027/120] ✅ 成功: lobster_cat_027.png (6张)
[03:06:56] [028/120] ✅ 成功: lobster_cat_028.png (7张)
[03:07:19] [029/120] ✅ 成功: lobster_cat_029.png (8张)
[03:07:43] [030/120] ✅ 成功: lobster_cat_030.png (9张)
[03:08:09] [031/120] ✅ 成功: lobster_cat_031.png (10张)
[03:08:34] [032/120] ✅ 成功: lobster_cat_032.png (11张)
[03:08:59] [033/120] ✅ 成功: lobster_cat_033.png (12张)
[03:09:23] [034/120] ✅ 成功: lobster_cat_034.png (13张)
[03:09:46] [035/120] ✅ 成功: lobster_cat_035.png (14张)
[03:10:07] [036/120] ✅ 成功: lobster_cat_036.png (15张)
[03:10:30] [037/120] ✅ 成功: lobster_cat_037.png (16张)
[03:10:54] [038/120] ✅ 成功: lobster_cat_038.png (17张)
[03:11:18] [039/120] ✅ 成功: lobster_cat_039.png (18张)
[03:11:41] [040/120] ✅ 成功: lobster_cat_040.png (19张)
[03:12:04] [041/120] ✅ 成功: lobster_cat_041.png (20张)
[03:12:31] [042/120] ✅ 成功: lobster_cat_042.png (21张)
[03:13:05] [043/120] ✅ 成功: lobster_cat_043.png (22张)
[03:13:28] [044/120] ✅ 成功: lobster_cat_044.png (23张)
[03:13:52] [045/120] ✅ 成功: lobster_cat_045.png (24张)
[03:14:17] [046/120] ✅ 成功: lobster_cat_046.png (25张)
[03:14:40] [047/120] ✅ 成功: lobster_cat_047.png (26张)
[03:15:06] [048/120] ✅ 成功: lobster_cat_048.png (27张)
[03:15:30] [049/120] ✅ 成功: lobster_cat_049.png (28张)
[03:15:54] [050/120] ✅ 成功: lobster_cat_050.png (29张)
[03:16:15] [051/120] ✅ 成功: lobster_cat_051.png (30张)
[03:16:38] [052/120] ✅ 成功: lobster_cat_052.png (31张)
[03:17:01] [053/120] ✅ 成功: lobster_cat_053.png (32张)
[03:17:21] [054/120] ✅ 成功: lobster_cat_054.png (33张)
[03:17:45] [055/120] ✅ 成功: lobster_cat_055.png (34张)
[03:18:08] [056/120] ✅ 成功: lobster_cat_056.png (35张)
[03:18:31] [057/120] ✅ 成功: lobster_cat_057.png (36张)
[03:18:56] [058/120] ✅ 成功: lobster_cat_058.png (37张)
[03:19:19] [059/120] ✅ 成功: lobster_cat_059.png (38张)
[03:19:42] [060/120] ✅ 成功: lobster_cat_060.png (39张)
[03:20:12] [061/120] ✅ 成功: lobster_cat_061.png (40张)
[03:20:39] [062/120] ✅ 成功: lobster_cat_062.png (41张)
[03:21:03] [063/120] ✅ 成功: lobster_cat_063.png (42张)
[03:21:25] [064/120] ✅ 成功: lobster_cat_064.png (43张)
[03:21:48] [065/120] ✅ 成功: lobster_cat_065.png (44张)
[03:22:12] [066/120] ✅ 成功: lobster_cat_066.png (45张)
[03:22:39] [067/120] ✅ 成功: lobster_cat_067.png (46张)
[03:23:04] [068/120] ✅ 成功: lobster_cat_068.png (47张)
[03:23:29] [069/120] ✅ 成功: lobster_cat_069.png (48张)
[03:23:53] [070/120] ✅ 成功: lobster_cat_070.png (49张)
[03:24:16] [071/120] ✅ 成功: lobster_cat_071.png (50张)
[03:24:39] [072/120] ✅ 成功: lobster_cat_072.png (51张)
[03:25:04] [073/120] ✅ 成功: lobster_cat_073.png (52张)
[03:25:29] [074/120] ✅ 成功: lobster_cat_074.png (53张)
[03:25:52] [075/120] ✅ 成功: lobster_cat_075.png (54张)
[03:26:15] [076/120] ✅ 成功: lobster_cat_076.png (55张)
[03:26:36] [077/120] ✅ 成功: lobster_cat_077.png (56张)
[03:26:59] [078/120] ✅ 成功: lobster_cat_078.png (57张)
[03:27:23] [079/120] ✅ 成功: lobster_cat_079.png (58张)
[03:27:47] [080/120] ✅ 成功: lobster_cat_080.png (59张)
[03:28:10] [081/120] ✅ 成功: lobster_cat_081.png (60张)
[03:28:33] [082/120] ✅ 成功: lobster_cat_082.png (61张)
[03:28:58] [083/120] ✅ 成功: lobster_cat_083.png (62张)
[03:29:22] [084/120] ✅ 成功: lobster_cat_084.png (63张)
[03:29:45] [085/120] ✅ 成功: lobster_cat_085.png (64张)
[03:30:08] [086/120] ✅ 成功: lobster_cat_086.png (65张)
[03:30:31] [087/120] ✅ 成功: lobster_cat_087.png (66张)
[03:31:02] [088/120] ✅ 成功: lobster_cat_088.png (67张)
[03:31:29] [089/120] ✅ 成功: lobster_cat_089.png (68张)
[03:31:52] [090/120] ✅ 成功: lobster_cat_090.png (69张)
[03:32:17] [091/120] ✅ 成功: lobster_cat_091.png (70张)
[03:32:42] [092/120] ✅ 成功: lobster_cat_092.png (71张)
[03:33:11] [093/120] ✅ 成功: lobster_cat_093.png (72张)
[03:33:37] [094/120] ✅ 成功: lobster_cat_094.png (73张)
[03:34:03] [095/120] ✅ 成功: lobster_cat_095.png (74张)
[03:34:27] [096/120] ✅ 成功: lobster_cat_096.png (75张)
[03:35:00] [097/120] ✅ 成功: lobster_cat_097.png (76张)
[03:35:30] [098/120] ✅ 成功: lobster_cat_098.png (77张)
[03:35:56] [099/120] ✅ 成功: lobster_cat_099.png (78张)
[03:36:22] [100/120] ✅ 成功: lobster_cat_100.png (79张)
[03:36:51] [101/120] ✅ 成功: lobster_cat_101.png (80张)
[03:37:14] [102/120] ✅ 成功: lobster_cat_102.png (81张)
[03:37:47] [103/120] ✅ 成功: lobster_cat_103.png (82张)
[03:38:12] [104/120] ✅ 成功: lobster_cat_104.png (83张)
[03:38:35] [105/120] ✅ 成功: lobster_cat_105.png (84张)
[03:39:02] [106/120] ✅ 成功: lobster_cat_106.png (85张)
[03:39:50] [107/120] ✅ 成功: lobster_cat_107.png (86张)
[03:40:13] [108/120] ✅ 成功: lobster_cat_108.png (87张)
[03:40:35] [109/120] ✅ 成功: lobster_cat_109.png (88张)
[03:41:04] [110/120] ✅ 成功: lobster_cat_110.png (89张)
[03:41:29] [111/120] ✅ 成功: lobster_cat_111.png (90张)
[03:41:51] [112/120] ✅ 成功: lobster_cat_112.png (91张)
[03:42:15] [113/120] ✅ 成功: lobster_cat_113.png (92张)
[03:42:42] [114/120] ✅ 成功: lobster_cat_114.png (93张)
[03:43:05] [115/120] ✅ 成功: lobster_cat_115.png (94张)
[03:43:30] [116/120] ✅ 成功: lobster_cat_116.png (95张)
[03:43:54] [117/120] ✅ 成功: lobster_cat_117.png (96张)
[03:44:17] [118/120] ✅ 成功: lobster_cat_118.png (97张)
[03:44:22] [119] ⚠️ 限流(status=2056)，等待30s...
[03:44:52] [119] ⚠️ 限流(status=2056)，等待60s...
[03:45:53] [119] ⚠️ 限流(status=2056)，等待90s...
[03:47:28] [120] ⚠️ 限流(status=2056)，等待30s...
[03:47:58] [120] ⚠️ 限流(status=2056)，等待60s...
[03:48:59] [120] ⚠️ 限流(status=2056)，等待90s...
[03:50:34] 
🎉 完成! 成功:97 失败:0
