========================================
开始生成120张龙虾加菲猫配图
时间: Mon Mar 30 03:57:49 CST 2026
========================================
[1/120] 生成中: lobster_cat_01_01.png
  Prompt: 一只穿着红色龙虾衣服的橙色加菲猫 Garfield，场景：办公室工作，风格：写实摄影
[ERROR] login fail: Please carry the API secret key in the 'Authorization' field of the request header
  ✅ 成功: lobster_cat_01_01.png
---
[2/120] 生成中: lobster_cat_01_02.png
  Prompt: 一只穿着红色龙虾衣服的橙色加菲猫 Garfield，场景：办公室工作，风格：卡通插画
[ERROR] login fail: Please carry the API secret key in the 'Authorization' field of the request header
  ✅ 成功: lobster_cat_01_02.png
---
[3/120] 生成中: lobster_cat_01_03.png
  Prompt: 一只穿着红色龙虾衣服的橙色加菲猫 Garfield，场景：办公室工作，风格：水彩画
[ERROR] login fail: Please carry the API secret key in the 'Authorization' field of the request header
  ✅ 成功: lobster_cat_01_03.png
---
[4/120] 生成中: lobster_cat_01_04.png
  Prompt: 一只穿着红色龙虾衣服的橙色加菲猫 Garfield，场景：办公室工作，风格：油画
[ERROR] login fail: Please carry the API secret key in the 'Authorization' field of the request header
  ✅ 成功: lobster_cat_01_04.png
---
[5/120] 生成中: lobster_cat_01_05.png
  Prompt: 一只穿着红色龙虾衣服的橙色加菲猫 Garfield，场景：办公室工作，风格：极简主义
[ERROR] login fail: Please carry the API secret key in the 'Authorization' field of the request header
  ✅ 成功: lobster_cat_01_05.png
---
[6/120] 生成中: lobster_cat_01_06.png
  Prompt: 一只穿着红色龙虾衣服的橙色加菲猫 Garfield，场景：办公室工作，风格：赛博朋克
[ERROR] login fail: Please carry the API secret key in the 'Authorization' field of the request header
  ✅ 成功: lobster_cat_01_06.png
---
[7/120] 生成中: lobster_cat_01_07.png
  Prompt: 一只穿着红色龙虾衣服的橙色加菲猫 Garfield，场景：办公室工作，风格：复古漫画
[ERROR] login fail: Please carry the API secret key in the 'Authorization' field of the request header
  ✅ 成功: lobster_cat_01_07.png
---
[8/120] 生成中: lobster_cat_01_08.png
  Prompt: 一只穿着红色龙虾衣服的橙色加菲猫 Garfield，场景：办公室工作，风格：矢量扁平
[ERROR] login fail: Please carry the API secret key in the 'Authorization' field of the request header
  ✅ 成功: lobster_cat_01_08.png
---
[9/120] 生成中: lobster_cat_01_09.png
  Prompt: 一只穿着红色龙虾衣服的橙色加菲猫 Garfield，场景：办公室工作，风格：水墨国风
[ERROR] login fail: Please carry the API secret key in the 'Authorization' field of the request header
  ✅ 成功: lobster_cat_01_09.png
---
[10/120] 生成中: lobster_cat_01_10.png
  Prompt: 一只穿着红色龙虾衣服的橙色加菲猫 Garfield，场景：办公室工作，风格：像素艺术
[ERROR] login fail: Please carry the API secret key in the 'Authorization' field of the request header
  ✅ 成功: lobster_cat_01_10.png
---
[11/120] 生成中: lobster_cat_01_11.png
  Prompt: 一只穿着红色龙虾衣服的橙色加菲猫 Garfield，场景：办公室工作，风格：梦幻光影
[ERROR] login fail: Please carry the API secret key in the 'Authorization' field of the request header
  ✅ 成功: lobster_cat_01_11.png
---
[12/120] 生成中: lobster_cat_01_12.png
  Prompt: 一只穿着红色龙虾衣服的橙色加菲猫 Garfield，场景：办公室工作，风格：黑白素描
[ERROR] login fail: Please carry the API secret key in the 'Authorization' field of the request header
  ✅ 成功: lobster_cat_01_12.png
---
[13/120] 生成中: lobster_cat_02_01.png
  Prompt: 一只穿着红色龙虾衣服的橙色加菲猫 Garfield，场景：写作创作，风格：写实摄影
[ERROR] login fail: Please carry the API secret key in the 'Authorization' field of the request header
  ✅ 成功: lobster_cat_02_01.png
---
[14/120] 生成中: lobster_cat_02_02.png
  Prompt: 一只穿着红色龙虾衣服的橙色加菲猫 Garfield，场景：写作创作，风格：卡通插画
[ERROR] login fail: Please carry the API secret key in the 'Authorization' field of the request header
  ✅ 成功: lobster_cat_02_02.png
---
[15/120] 生成中: lobster_cat_02_03.png
  Prompt: 一只穿着红色龙虾衣服的橙色加菲猫 Garfield，场景：写作创作，风格：水彩画
[ERROR] login fail: Please carry the API secret key in the 'Authorization' field of the request header
  ✅ 成功: lobster_cat_02_03.png
---
[16/120] 生成中: lobster_cat_02_04.png
  Prompt: 一只穿着红色龙虾衣服的橙色加菲猫 Garfield，场景：写作创作，风格：油画
[ERROR] login fail: Please carry the API secret key in the 'Authorization' field of the request header
  ✅ 成功: lobster_cat_02_04.png
---
[17/120] 生成中: lobster_cat_02_05.png
  Prompt: 一只穿着红色龙虾衣服的橙色加菲猫 Garfield，场景：写作创作，风格：极简主义
[ERROR] login fail: Please carry the API secret key in the 'Authorization' field of the request header
  ✅ 成功: lobster_cat_02_05.png
---
[18/120] 生成中: lobster_cat_02_06.png
  Prompt: 一只穿着红色龙虾衣服的橙色加菲猫 Garfield，场景：写作创作，风格：赛博朋克
[ERROR] login fail: Please carry the API secret key in the 'Authorization' field of the request header
  ✅ 成功: lobster_cat_02_06.png
---
[19/120] 生成中: lobster_cat_02_07.png
  Prompt: 一只穿着红色龙虾衣服的橙色加菲猫 Garfield，场景：写作创作，风格：复古漫画
[ERROR] login fail: Please carry the API secret key in the 'Authorization' field of the request header
  ✅ 成功: lobster_cat_02_07.png
---
[20/120] 生成中: lobster_cat_02_08.png
  Prompt: 一只穿着红色龙虾衣服的橙色加菲猫 Garfield，场景：写作创作，风格：矢量扁平
[ERROR] login fail: Please carry the API secret key in the 'Authorization' field of the request header
  ✅ 成功: lobster_cat_02_08.png
---
[21/120] 生成中: lobster_cat_02_09.png
  Prompt: 一只穿着红色龙虾衣服的橙色加菲猫 Garfield，场景：写作创作，风格：水墨国风
[ERROR] login fail: Please carry the API secret key in the 'Authorization' field of the request header
  ✅ 成功: lobster_cat_02_09.png
---
[22/120] 生成中: lobster_cat_02_10.png
  Prompt: 一只穿着红色龙虾衣服的橙色加菲猫 Garfield，场景：写作创作，风格：像素艺术
[ERROR] login fail: Please carry the API secret key in the 'Authorization' field of the request header
  ✅ 成功: lobster_cat_02_10.png
---
[23/120] 生成中: lobster_cat_02_11.png
  Prompt: 一只穿着红色龙虾衣服的橙色加菲猫 Garfield，场景：写作创作，风格：梦幻光影
[ERROR] login fail: Please carry the API secret key in the 'Authorization' field of the request header
  ✅ 成功: lobster_cat_02_11.png
---
[24/120] 生成中: lobster_cat_02_12.png
  Prompt: 一只穿着红色龙虾衣服的橙色加菲猫 Garfield，场景：写作创作，风格：黑白素描
[ERROR] login fail: Please carry the API secret key in the 'Authorization' field of the request header
  ✅ 成功: lobster_cat_02_12.png
---
[25/120] 生成中: lobster_cat_03_01.png
  Prompt: 一只穿着红色龙虾衣服的橙色加菲猫 Garfield，场景：学习研究，风格：写实摄影
[ERROR] login fail: Please carry the API secret key in the 'Authorization' field of the request header
  ✅ 成功: lobster_cat_03_01.png
---
[26/120] 生成中: lobster_cat_03_02.png
  Prompt: 一只穿着红色龙虾衣服的橙色加菲猫 Garfield，场景：学习研究，风格：卡通插画
[ERROR] login fail: Please carry the API secret key in the 'Authorization' field of the request header
  ✅ 成功: lobster_cat_03_02.png
---
[27/120] 生成中: lobster_cat_03_03.png
  Prompt: 一只穿着红色龙虾衣服的橙色加菲猫 Garfield，场景：学习研究，风格：水彩画
[ERROR] login fail: Please carry the API secret key in the 'Authorization' field of the request header
  ✅ 成功: lobster_cat_03_03.png
---
[28/120] 生成中: lobster_cat_03_04.png
  Prompt: 一只穿着红色龙虾衣服的橙色加菲猫 Garfield，场景：学习研究，风格：油画
[ERROR] login fail: Please carry the API secret key in the 'Authorization' field of the request header
  ✅ 成功: lobster_cat_03_04.png
---
[29/120] 生成中: lobster_cat_03_05.png
  Prompt: 一只穿着红色龙虾衣服的橙色加菲猫 Garfield，场景：学习研究，风格：极简主义
[ERROR] login fail: Please carry the API secret key in the 'Authorization' field of the request header
  ✅ 成功: lobster_cat_03_05.png
---
[30/120] 生成中: lobster_cat_03_06.png
  Prompt: 一只穿着红色龙虾衣服的橙色加菲猫 Garfield，场景：学习研究，风格：赛博朋克
[ERROR] login fail: Please carry the API secret key in the 'Authorization' field of the request header
  ✅ 成功: lobster_cat_03_06.png
---
[31/120] 生成中: lobster_cat_03_07.png
  Prompt: 一只穿着红色龙虾衣服的橙色加菲猫 Garfield，场景：学习研究，风格：复古漫画
[ERROR] login fail: Please carry the API secret key in the 'Authorization' field of the request header
  ✅ 成功: lobster_cat_03_07.png
---
[32/120] 生成中: lobster_cat_03_08.png
  Prompt: 一只穿着红色龙虾衣服的橙色加菲猫 Garfield，场景：学习研究，风格：矢量扁平
[ERROR] login fail: Please carry the API secret key in the 'Authorization' field of the request header
  ✅ 成功: lobster_cat_03_08.png
---
[33/120] 生成中: lobster_cat_03_09.png
  Prompt: 一只穿着红色龙虾衣服的橙色加菲猫 Garfield，场景：学习研究，风格：水墨国风
[ERROR] login fail: Please carry the API secret key in the 'Authorization' field of the request header
  ✅ 成功: lobster_cat_03_09.png
---
[34/120] 生成中: lobster_cat_03_10.png
  Prompt: 一只穿着红色龙虾衣服的橙色加菲猫 Garfield，场景：学习研究，风格：像素艺术
[ERROR] login fail: Please carry the API secret key in the 'Authorization' field of the request header
  ✅ 成功: lobster_cat_03_10.png
---
[35/120] 生成中: lobster_cat_03_11.png
  Prompt: 一只穿着红色龙虾衣服的橙色加菲猫 Garfield，场景：学习研究，风格：梦幻光影
[ERROR] login fail: Please carry the API secret key in the 'Authorization' field of the request header
  ✅ 成功: lobster_cat_03_11.png
---
[36/120] 生成中: lobster_cat_03_12.png
  Prompt: 一只穿着红色龙虾衣服的橙色加菲猫 Garfield，场景：学习研究，风格：黑白素描
[ERROR] login fail: Please carry the API secret key in the 'Authorization' field of the request header
  ✅ 成功: lobster_cat_03_12.png
---
[37/120] 生成中: lobster_cat_04_01.png
  Prompt: 一只穿着红色龙虾衣服的橙色加菲猫 Garfield，场景：团队协作，风格：写实摄影
[ERROR] login fail: Please carry the API secret key in the 'Authorization' field of the request header
  ✅ 成功: lobster_cat_04_01.png
---
[38/120] 生成中: lobster_cat_04_02.png
  Prompt: 一只穿着红色龙虾衣服的橙色加菲猫 Garfield，场景：团队协作，风格：卡通插画
[ERROR] login fail: Please carry the API secret key in the 'Authorization' field of the request header
  ✅ 成功: lobster_cat_04_02.png
---
[39/120] 生成中: lobster_cat_04_03.png
  Prompt: 一只穿着红色龙虾衣服的橙色加菲猫 Garfield，场景：团队协作，风格：水彩画
[ERROR] login fail: Please carry the API secret key in the 'Authorization' field of the request header
  ✅ 成功: lobster_cat_04_03.png
---
[40/120] 生成中: lobster_cat_04_04.png
  Prompt: 一只穿着红色龙虾衣服的橙色加菲猫 Garfield，场景：团队协作，风格：油画
[ERROR] login fail: Please carry the API secret key in the 'Authorization' field of the request header
  ✅ 成功: lobster_cat_04_04.png
---
[41/120] 生成中: lobster_cat_04_05.png
  Prompt: 一只穿着红色龙虾衣服的橙色加菲猫 Garfield，场景：团队协作，风格：极简主义
[ERROR] login fail: Please carry the API secret key in the 'Authorization' field of the request header
  ✅ 成功: lobster_cat_04_05.png
---
[42/120] 生成中: lobster_cat_04_06.png
  Prompt: 一只穿着红色龙虾衣服的橙色加菲猫 Garfield，场景：团队协作，风格：赛博朋克
[ERROR] login fail: Please carry the API secret key in the 'Authorization' field of the request header
  ✅ 成功: lobster_cat_04_06.png
---
[43/120] 生成中: lobster_cat_04_07.png
  Prompt: 一只穿着红色龙虾衣服的橙色加菲猫 Garfield，场景：团队协作，风格：复古漫画
[ERROR] login fail: Please carry the API secret key in the 'Authorization' field of the request header
  ✅ 成功: lobster_cat_04_07.png
---
[44/120] 生成中: lobster_cat_04_08.png
  Prompt: 一只穿着红色龙虾衣服的橙色加菲猫 Garfield，场景：团队协作，风格：矢量扁平
[ERROR] login fail: Please carry the API secret key in the 'Authorization' field of the request header
  ✅ 成功: lobster_cat_04_08.png
---
[45/120] 生成中: lobster_cat_04_09.png
  Prompt: 一只穿着红色龙虾衣服的橙色加菲猫 Garfield，场景：团队协作，风格：水墨国风
[ERROR] login fail: Please carry the API secret key in the 'Authorization' field of the request header
  ✅ 成功: lobster_cat_04_09.png
---
[46/120] 生成中: lobster_cat_04_10.png
  Prompt: 一只穿着红色龙虾衣服的橙色加菲猫 Garfield，场景：团队协作，风格：像素艺术
[ERROR] login fail: Please carry the API secret key in the 'Authorization' field of the request header
  ✅ 成功: lobster_cat_04_10.png
---
[47/120] 生成中: lobster_cat_04_11.png
  Prompt: 一只穿着红色龙虾衣服的橙色加菲猫 Garfield，场景：团队协作，风格：梦幻光影
[ERROR] login fail: Please carry the API secret key in the 'Authorization' field of the request header
  ✅ 成功: lobster_cat_04_11.png
---
[48/120] 生成中: lobster_cat_04_12.png
  Prompt: 一只穿着红色龙虾衣服的橙色加菲猫 Garfield，场景：团队协作，风格：黑白素描
[ERROR] login fail: Please carry the API secret key in the 'Authorization' field of the request header
  ✅ 成功: lobster_cat_04_12.png
---
[49/120] 生成中: lobster_cat_05_01.png
  Prompt: 一只穿着红色龙虾衣服的橙色加菲猫 Garfield，场景：用户见证，风格：写实摄影
[ERROR] login fail: Please carry the API secret key in the 'Authorization' field of the request header
  ✅ 成功: lobster_cat_05_01.png
---
[50/120] 生成中: lobster_cat_05_02.png
  Prompt: 一只穿着红色龙虾衣服的橙色加菲猫 Garfield，场景：用户见证，风格：卡通插画
[ERROR] login fail: Please carry the API secret key in the 'Authorization' field of the request header
  ✅ 成功: lobster_cat_05_02.png
---
[51/120] 生成中: lobster_cat_05_03.png
  Prompt: 一只穿着红色龙虾衣服的橙色加菲猫 Garfield，场景：用户见证，风格：水彩画
[ERROR] login fail: Please carry the API secret key in the 'Authorization' field of the request header
  ✅ 成功: lobster_cat_05_03.png
---
[52/120] 生成中: lobster_cat_05_04.png
  Prompt: 一只穿着红色龙虾衣服的橙色加菲猫 Garfield，场景：用户见证，风格：油画
[ERROR] login fail: Please carry the API secret key in the 'Authorization' field of the request header
  ✅ 成功: lobster_cat_05_04.png
---
[53/120] 生成中: lobster_cat_05_05.png
  Prompt: 一只穿着红色龙虾衣服的橙色加菲猫 Garfield，场景：用户见证，风格：极简主义
[ERROR] login fail: Please carry the API secret key in the 'Authorization' field of the request header
  ✅ 成功: lobster_cat_05_05.png
---
[54/120] 生成中: lobster_cat_05_06.png
  Prompt: 一只穿着红色龙虾衣服的橙色加菲猫 Garfield，场景：用户见证，风格：赛博朋克
[ERROR] login fail: Please carry the API secret key in the 'Authorization' field of the request header
  ✅ 成功: lobster_cat_05_06.png
---
[55/120] 生成中: lobster_cat_05_07.png
  Prompt: 一只穿着红色龙虾衣服的橙色加菲猫 Garfield，场景：用户见证，风格：复古漫画
[ERROR] login fail: Please carry the API secret key in the 'Authorization' field of the request header
  ✅ 成功: lobster_cat_05_07.png
---
[56/120] 生成中: lobster_cat_05_08.png
  Prompt: 一只穿着红色龙虾衣服的橙色加菲猫 Garfield，场景：用户见证，风格：矢量扁平
[ERROR] login fail: Please carry the API secret key in the 'Authorization' field of the request header
  ✅ 成功: lobster_cat_05_08.png
---
[57/120] 生成中: lobster_cat_05_09.png
  Prompt: 一只穿着红色龙虾衣服的橙色加菲猫 Garfield，场景：用户见证，风格：水墨国风
[ERROR] login fail: Please carry the API secret key in the 'Authorization' field of the request header
  ✅ 成功: lobster_cat_05_09.png
---
[58/120] 生成中: lobster_cat_05_10.png
  Prompt: 一只穿着红色龙虾衣服的橙色加菲猫 Garfield，场景：用户见证，风格：像素艺术
[ERROR] login fail: Please carry the API secret key in the 'Authorization' field of the request header
  ✅ 成功: lobster_cat_05_10.png
---
[59/120] 生成中: lobster_cat_05_11.png
  Prompt: 一只穿着红色龙虾衣服的橙色加菲猫 Garfield，场景：用户见证，风格：梦幻光影
[ERROR] login fail: Please carry the API secret key in the 'Authorization' field of the request header
  ✅ 成功: lobster_cat_05_11.png
---
[60/120] 生成中: lobster_cat_05_12.png
  Prompt: 一只穿着红色龙虾衣服的橙色加菲猫 Garfield，场景：用户见证，风格：黑白素描
[ERROR] login fail: Please carry the API secret key in the 'Authorization' field of the request header
  ✅ 成功: lobster_cat_05_12.png
---
[61/120] 生成中: lobster_cat_06_01.png
  Prompt: 一只穿着红色龙虾衣服的橙色加菲猫 Garfield，场景：休闲放松，风格：写实摄影
[ERROR] login fail: Please carry the API secret key in the 'Authorization' field of the request header
  ✅ 成功: lobster_cat_06_01.png
---
[62/120] 生成中: lobster_cat_06_02.png
  Prompt: 一只穿着红色龙虾衣服的橙色加菲猫 Garfield，场景：休闲放松，风格：卡通插画
[ERROR] login fail: Please carry the API secret key in the 'Authorization' field of the request header
  ✅ 成功: lobster_cat_06_02.png
---
[63/120] 生成中: lobster_cat_06_03.png
  Prompt: 一只穿着红色龙虾衣服的橙色加菲猫 Garfield，场景：休闲放松，风格：水彩画
[ERROR] login fail: Please carry the API secret key in the 'Authorization' field of the request header
  ✅ 成功: lobster_cat_06_03.png
---
[64/120] 生成中: lobster_cat_06_04.png
  Prompt: 一只穿着红色龙虾衣服的橙色加菲猫 Garfield，场景：休闲放松，风格：油画
[ERROR] login fail: Please carry the API secret key in the 'Authorization' field of the request header
  ✅ 成功: lobster_cat_06_04.png
---
[65/120] 生成中: lobster_cat_06_05.png
  Prompt: 一只穿着红色龙虾衣服的橙色加菲猫 Garfield，场景：休闲放松，风格：极简主义
[ERROR] login fail: Please carry the API secret key in the 'Authorization' field of the request header
  ✅ 成功: lobster_cat_06_05.png
---
[66/120] 生成中: lobster_cat_06_06.png
  Prompt: 一只穿着红色龙虾衣服的橙色加菲猫 Garfield，场景：休闲放松，风格：赛博朋克
[ERROR] login fail: Please carry the API secret key in the 'Authorization' field of the request header
  ✅ 成功: lobster_cat_06_06.png
---
[67/120] 生成中: lobster_cat_06_07.png
  Prompt: 一只穿着红色龙虾衣服的橙色加菲猫 Garfield，场景：休闲放松，风格：复古漫画
[ERROR] login fail: Please carry the API secret key in the 'Authorization' field of the request header
  ✅ 成功: lobster_cat_06_07.png
---
[68/120] 生成中: lobster_cat_06_08.png
  Prompt: 一只穿着红色龙虾衣服的橙色加菲猫 Garfield，场景：休闲放松，风格：矢量扁平
[ERROR] login fail: Please carry the API secret key in the 'Authorization' field of the request header
  ✅ 成功: lobster_cat_06_08.png
---
[69/120] 生成中: lobster_cat_06_09.png
  Prompt: 一只穿着红色龙虾衣服的橙色加菲猫 Garfield，场景：休闲放松，风格：水墨国风
[ERROR] login fail: Please carry the API secret key in the 'Authorization' field of the request header
  ✅ 成功: lobster_cat_06_09.png
---
[70/120] 生成中: lobster_cat_06_10.png
  Prompt: 一只穿着红色龙虾衣服的橙色加菲猫 Garfield，场景：休闲放松，风格：像素艺术
[ERROR] login fail: Please carry the API secret key in the 'Authorization' field of the request header
  ✅ 成功: lobster_cat_06_10.png
---
[71/120] 生成中: lobster_cat_06_11.png
  Prompt: 一只穿着红色龙虾衣服的橙色加菲猫 Garfield，场景：休闲放松，风格：梦幻光影
[ERROR] login fail: Please carry the API secret key in the 'Authorization' field of the request header
  ✅ 成功: lobster_cat_06_11.png
---
[72/120] 生成中: lobster_cat_06_12.png
  Prompt: 一只穿着红色龙虾衣服的橙色加菲猫 Garfield，场景：休闲放松，风格：黑白素描
[ERROR] login fail: Please carry the API secret key in the 'Authorization' field of the request header
  ✅ 成功: lobster_cat_06_12.png
---
[73/120] 生成中: lobster_cat_07_01.png
  Prompt: 一只穿着红色龙虾衣服的橙色加菲猫 Garfield，场景：出差旅行，风格：写实摄影
[ERROR] login fail: Please carry the API secret key in the 'Authorization' field of the request header
  ✅ 成功: lobster_cat_07_01.png
---
[74/120] 生成中: lobster_cat_07_02.png
  Prompt: 一只穿着红色龙虾衣服的橙色加菲猫 Garfield，场景：出差旅行，风格：卡通插画
[ERROR] login fail: Please carry the API secret key in the 'Authorization' field of the request header
  ✅ 成功: lobster_cat_07_02.png
---
[75/120] 生成中: lobster_cat_07_03.png
  Prompt: 一只穿着红色龙虾衣服的橙色加菲猫 Garfield，场景：出差旅行，风格：水彩画
[ERROR] login fail: Please carry the API secret key in the 'Authorization' field of the request header
  ✅ 成功: lobster_cat_07_03.png
---
[76/120] 生成中: lobster_cat_07_04.png
  Prompt: 一只穿着红色龙虾衣服的橙色加菲猫 Garfield，场景：出差旅行，风格：油画
[ERROR] login fail: Please carry the API secret key in the 'Authorization' field of the request header
  ✅ 成功: lobster_cat_07_04.png
---
[77/120] 生成中: lobster_cat_07_05.png
  Prompt: 一只穿着红色龙虾衣服的橙色加菲猫 Garfield，场景：出差旅行，风格：极简主义
[ERROR] login fail: Please carry the API secret key in the 'Authorization' field of the request header
  ✅ 成功: lobster_cat_07_05.png
---
[78/120] 生成中: lobster_cat_07_06.png
  Prompt: 一只穿着红色龙虾衣服的橙色加菲猫 Garfield，场景：出差旅行，风格：赛博朋克
[ERROR] login fail: Please carry the API secret key in the 'Authorization' field of the request header
  ✅ 成功: lobster_cat_07_06.png
---
[79/120] 生成中: lobster_cat_07_07.png
  Prompt: 一只穿着红色龙虾衣服的橙色加菲猫 Garfield，场景：出差旅行，风格：复古漫画
[ERROR] login fail: Please carry the API secret key in the 'Authorization' field of the request header
  ✅ 成功: lobster_cat_07_07.png
---
[80/120] 生成中: lobster_cat_07_08.png
  Prompt: 一只穿着红色龙虾衣服的橙色加菲猫 Garfield，场景：出差旅行，风格：矢量扁平
[ERROR] login fail: Please carry the API secret key in the 'Authorization' field of the request header
  ✅ 成功: lobster_cat_07_08.png
---
[81/120] 生成中: lobster_cat_07_09.png
  Prompt: 一只穿着红色龙虾衣服的橙色加菲猫 Garfield，场景：出差旅行，风格：水墨国风
[ERROR] login fail: Please carry the API secret key in the 'Authorization' field of the request header
  ✅ 成功: lobster_cat_07_09.png
---
[82/120] 生成中: lobster_cat_07_10.png
  Prompt: 一只穿着红色龙虾衣服的橙色加菲猫 Garfield，场景：出差旅行，风格：像素艺术
[ERROR] login fail: Please carry the API secret key in the 'Authorization' field of the request header
  ✅ 成功: lobster_cat_07_10.png
---
[83/120] 生成中: lobster_cat_07_11.png
  Prompt: 一只穿着红色龙虾衣服的橙色加菲猫 Garfield，场景：出差旅行，风格：梦幻光影
[ERROR] login fail: Please carry the API secret key in the 'Authorization' field of the request header
  ✅ 成功: lobster_cat_07_11.png
---
[84/120] 生成中: lobster_cat_07_12.png
  Prompt: 一只穿着红色龙虾衣服的橙色加菲猫 Garfield，场景：出差旅行，风格：黑白素描
[ERROR] login fail: Please carry the API secret key in the 'Authorization' field of the request header
  ✅ 成功: lobster_cat_07_12.png
---
[85/120] 生成中: lobster_cat_08_01.png
  Prompt: 一只穿着红色龙虾衣服的橙色加菲猫 Garfield，场景：运动健身，风格：写实摄影
[ERROR] login fail: Please carry the API secret key in the 'Authorization' field of the request header
  ✅ 成功: lobster_cat_08_01.png
---
[86/120] 生成中: lobster_cat_08_02.png
  Prompt: 一只穿着红色龙虾衣服的橙色加菲猫 Garfield，场景：运动健身，风格：卡通插画
[ERROR] login fail: Please carry the API secret key in the 'Authorization' field of the request header
  ✅ 成功: lobster_cat_08_02.png
---
[87/120] 生成中: lobster_cat_08_03.png
  Prompt: 一只穿着红色龙虾衣服的橙色加菲猫 Garfield，场景：运动健身，风格：水彩画
[ERROR] login fail: Please carry the API secret key in the 'Authorization' field of the request header
  ✅ 成功: lobster_cat_08_03.png
---
[88/120] 生成中: lobster_cat_08_04.png
  Prompt: 一只穿着红色龙虾衣服的橙色加菲猫 Garfield，场景：运动健身，风格：油画
[ERROR] login fail: Please carry the API secret key in the 'Authorization' field of the request header
  ✅ 成功: lobster_cat_08_04.png
---
[89/120] 生成中: lobster_cat_08_05.png
  Prompt: 一只穿着红色龙虾衣服的橙色加菲猫 Garfield，场景：运动健身，风格：极简主义
[ERROR] login fail: Please carry the API secret key in the 'Authorization' field of the request header
  ✅ 成功: lobster_cat_08_05.png
---
[90/120] 生成中: lobster_cat_08_06.png
  Prompt: 一只穿着红色龙虾衣服的橙色加菲猫 Garfield，场景：运动健身，风格：赛博朋克
[ERROR] login fail: Please carry the API secret key in the 'Authorization' field of the request header
  ✅ 成功: lobster_cat_08_06.png
---
[91/120] 生成中: lobster_cat_08_07.png
  Prompt: 一只穿着红色龙虾衣服的橙色加菲猫 Garfield，场景：运动健身，风格：复古漫画
[ERROR] login fail: Please carry the API secret key in the 'Authorization' field of the request header
  ✅ 成功: lobster_cat_08_07.png
---
[92/120] 生成中: lobster_cat_08_08.png
  Prompt: 一只穿着红色龙虾衣服的橙色加菲猫 Garfield，场景：运动健身，风格：矢量扁平
[ERROR] login fail: Please carry the API secret key in the 'Authorization' field of the request header
  ✅ 成功: lobster_cat_08_08.png
---
[93/120] 生成中: lobster_cat_08_09.png
  Prompt: 一只穿着红色龙虾衣服的橙色加菲猫 Garfield，场景：运动健身，风格：水墨国风
[ERROR] login fail: Please carry the API secret key in the 'Authorization' field of the request header
  ✅ 成功: lobster_cat_08_09.png
---
[94/120] 生成中: lobster_cat_08_10.png
  Prompt: 一只穿着红色龙虾衣服的橙色加菲猫 Garfield，场景：运动健身，风格：像素艺术
[ERROR] login fail: Please carry the API secret key in the 'Authorization' field of the request header
  ✅ 成功: lobster_cat_08_10.png
---
[95/120] 生成中: lobster_cat_08_11.png
  Prompt: 一只穿着红色龙虾衣服的橙色加菲猫 Garfield，场景：运动健身，风格：梦幻光影
[ERROR] login fail: Please carry the API secret key in the 'Authorization' field of the request header
  ✅ 成功: lobster_cat_08_11.png
---
[96/120] 生成中: lobster_cat_08_12.png
  Prompt: 一只穿着红色龙虾衣服的橙色加菲猫 Garfield，场景：运动健身，风格：黑白素描
[ERROR] login fail: Please carry the API secret key in the 'Authorization' field of the request header
  ✅ 成功: lobster_cat_08_12.png
---
[97/120] 生成中: lobster_cat_09_01.png
  Prompt: 一只穿着红色龙虾衣服的橙色加菲猫 Garfield，场景：美食烹饪，风格：写实摄影
[ERROR] login fail: Please carry the API secret key in the 'Authorization' field of the request header
  ✅ 成功: lobster_cat_09_01.png
---
[98/120] 生成中: lobster_cat_09_02.png
  Prompt: 一只穿着红色龙虾衣服的橙色加菲猫 Garfield，场景：美食烹饪，风格：卡通插画
[ERROR] login fail: Please carry the API secret key in the 'Authorization' field of the request header
  ✅ 成功: lobster_cat_09_02.png
---
[99/120] 生成中: lobster_cat_09_03.png
  Prompt: 一只穿着红色龙虾衣服的橙色加菲猫 Garfield，场景：美食烹饪，风格：水彩画
[ERROR] login fail: Please carry the API secret key in the 'Authorization' field of the request header
  ✅ 成功: lobster_cat_09_03.png
---
[100/120] 生成中: lobster_cat_09_04.png
  Prompt: 一只穿着红色龙虾衣服的橙色加菲猫 Garfield，场景：美食烹饪，风格：油画
[ERROR] login fail: Please carry the API secret key in the 'Authorization' field of the request header
  ✅ 成功: lobster_cat_09_04.png
---
[101/120] 生成中: lobster_cat_09_05.png
  Prompt: 一只穿着红色龙虾衣服的橙色加菲猫 Garfield，场景：美食烹饪，风格：极简主义
[ERROR] login fail: Please carry the API secret key in the 'Authorization' field of the request header
  ✅ 成功: lobster_cat_09_05.png
---
[102/120] 生成中: lobster_cat_09_06.png
  Prompt: 一只穿着红色龙虾衣服的橙色加菲猫 Garfield，场景：美食烹饪，风格：赛博朋克
[ERROR] login fail: Please carry the API secret key in the 'Authorization' field of the request header
  ✅ 成功: lobster_cat_09_06.png
---
[103/120] 生成中: lobster_cat_09_07.png
  Prompt: 一只穿着红色龙虾衣服的橙色加菲猫 Garfield，场景：美食烹饪，风格：复古漫画
[ERROR] login fail: Please carry the API secret key in the 'Authorization' field of the request header
  ✅ 成功: lobster_cat_09_07.png
---
[104/120] 生成中: lobster_cat_09_08.png
  Prompt: 一只穿着红色龙虾衣服的橙色加菲猫 Garfield，场景：美食烹饪，风格：矢量扁平
[ERROR] login fail: Please carry the API secret key in the 'Authorization' field of the request header
  ✅ 成功: lobster_cat_09_08.png
---
[105/120] 生成中: lobster_cat_09_09.png
  Prompt: 一只穿着红色龙虾衣服的橙色加菲猫 Garfield，场景：美食烹饪，风格：水墨国风
[ERROR] login fail: Please carry the API secret key in the 'Authorization' field of the request header
  ✅ 成功: lobster_cat_09_09.png
---
[106/120] 生成中: lobster_cat_09_10.png
  Prompt: 一只穿着红色龙虾衣服的橙色加菲猫 Garfield，场景：美食烹饪，风格：像素艺术
[ERROR] login fail: Please carry the API secret key in the 'Authorization' field of the request header
  ✅ 成功: lobster_cat_09_10.png
---
[107/120] 生成中: lobster_cat_09_11.png
  Prompt: 一只穿着红色龙虾衣服的橙色加菲猫 Garfield，场景：美食烹饪，风格：梦幻光影
[ERROR] login fail: Please carry the API secret key in the 'Authorization' field of the request header
  ✅ 成功: lobster_cat_09_11.png
---
[108/120] 生成中: lobster_cat_09_12.png
  Prompt: 一只穿着红色龙虾衣服的橙色加菲猫 Garfield，场景：美食烹饪，风格：黑白素描
[ERROR] login fail: Please carry the API secret key in the 'Authorization' field of the request header
  ✅ 成功: lobster_cat_09_12.png
---
[109/120] 生成中: lobster_cat_10_01.png
  Prompt: 一只穿着红色龙虾衣服的橙色加菲猫 Garfield，场景：家庭生活，风格：写实摄影
[ERROR] login fail: Please carry the API secret key in the 'Authorization' field of the request header
  ✅ 成功: lobster_cat_10_01.png
---
[110/120] 生成中: lobster_cat_10_02.png
  Prompt: 一只穿着红色龙虾衣服的橙色加菲猫 Garfield，场景：家庭生活，风格：卡通插画
[ERROR] login fail: Please carry the API secret key in the 'Authorization' field of the request header
  ✅ 成功: lobster_cat_10_02.png
---
[111/120] 生成中: lobster_cat_10_03.png
  Prompt: 一只穿着红色龙虾衣服的橙色加菲猫 Garfield，场景：家庭生活，风格：水彩画
[ERROR] login fail: Please carry the API secret key in the 'Authorization' field of the request header
  ✅ 成功: lobster_cat_10_03.png
---
[112/120] 生成中: lobster_cat_10_04.png
  Prompt: 一只穿着红色龙虾衣服的橙色加菲猫 Garfield，场景：家庭生活，风格：油画
[ERROR] login fail: Please carry the API secret key in the 'Authorization' field of the request header
  ✅ 成功: lobster_cat_10_04.png
---
[113/120] 生成中: lobster_cat_10_05.png
  Prompt: 一只穿着红色龙虾衣服的橙色加菲猫 Garfield，场景：家庭生活，风格：极简主义
[ERROR] login fail: Please carry the API secret key in the 'Authorization' field of the request header
  ✅ 成功: lobster_cat_10_05.png
---
[114/120] 生成中: lobster_cat_10_06.png
  Prompt: 一只穿着红色龙虾衣服的橙色加菲猫 Garfield，场景：家庭生活，风格：赛博朋克
[ERROR] login fail: Please carry the API secret key in the 'Authorization' field of the request header
  ✅ 成功: lobster_cat_10_06.png
---
[115/120] 生成中: lobster_cat_10_07.png
  Prompt: 一只穿着红色龙虾衣服的橙色加菲猫 Garfield，场景：家庭生活，风格：复古漫画
[ERROR] login fail: Please carry the API secret key in the 'Authorization' field of the request header
  ✅ 成功: lobster_cat_10_07.png
---
[116/120] 生成中: lobster_cat_10_08.png
  Prompt: 一只穿着红色龙虾衣服的橙色加菲猫 Garfield，场景：家庭生活，风格：矢量扁平
[ERROR] login fail: Please carry the API secret key in the 'Authorization' field of the request header
  ✅ 成功: lobster_cat_10_08.png
---
[117/120] 生成中: lobster_cat_10_09.png
  Prompt: 一只穿着红色龙虾衣服的橙色加菲猫 Garfield，场景：家庭生活，风格：水墨国风
[ERROR] login fail: Please carry the API secret key in the 'Authorization' field of the request header
  ✅ 成功: lobster_cat_10_09.png
---
[118/120] 生成中: lobster_cat_10_10.png
  Prompt: 一只穿着红色龙虾衣服的橙色加菲猫 Garfield，场景：家庭生活，风格：像素艺术
[ERROR] login fail: Please carry the API secret key in the 'Authorization' field of the request header
  ✅ 成功: lobster_cat_10_10.png
---
[119/120] 生成中: lobster_cat_10_11.png
  Prompt: 一只穿着红色龙虾衣服的橙色加菲猫 Garfield，场景：家庭生活，风格：梦幻光影
[ERROR] login fail: Please carry the API secret key in the 'Authorization' field of the request header
  ✅ 成功: lobster_cat_10_11.png
---
[120/120] 生成中: lobster_cat_10_12.png
  Prompt: 一只穿着红色龙虾衣服的橙色加菲猫 Garfield，场景：家庭生活，风格：黑白素描
[ERROR] login fail: Please carry the API secret key in the 'Authorization' field of the request header
  ✅ 成功: lobster_cat_10_12.png
---
========================================
全部完成！共生成 120 张图片
时间: Mon Mar 30 03:59:04 CST 2026
========================================
